\BOOKMARK [0][-]{chapter.1}{\376\377\000G\000r\000i\000d\000s\000\040\000a\000n\000d\000\040\000t\000a\000b\000l\000e\000s}{}% 1
\BOOKMARK [1][-]{section.1.1}{\376\377\000I\000n\000v\000a\000r\000i\000a\000n\000t\000s}{chapter.1}% 2
\BOOKMARK [2][-]{subsection.1.1.1}{\376\377\000I\000n\000v\000a\000r\000i\000a\000n\000t\000s\000\040\000a\000s\000\040\000a\000\040\000m\000e\000t\000h\000o\000d\000\040\000o\000f\000\040\000s\000o\000l\000u\000t\000i\000o\000n}{section.1.1}% 3
\BOOKMARK [2][-]{subsection.1.1.2}{\376\377\000I\000n\000v\000a\000r\000i\000a\000n\000t\000s\000\040\000a\000s\000\040\000a\000\040\000m\000e\000t\000h\000o\000d\000\040\000o\000f\000\040\000c\000o\000u\000n\000t\000i\000n\000g\000\040\000o\000r\000\040\000b\000o\000u\000n\000d\000i\000n\000g}{section.1.1}% 4
\BOOKMARK [1][-]{section.1.2}{\376\377\000G\000r\000a\000p\000h\000s}{chapter.1}% 5
\BOOKMARK [1][-]{section.1.3}{\376\377\000D\000o\000u\000b\000l\000e\000\040\000c\000o\000u\000n\000t\000i\000n\000g}{chapter.1}% 6
\BOOKMARK [1][-]{section.1.4}{\376\377\000I\000n\000d\000u\000c\000t\000i\000o\000n}{chapter.1}% 7
\BOOKMARK [1][-]{section.1.5}{\376\377\000C\000o\000m\000p\000l\000e\000x\000\040\000n\000u\000m\000b\000e\000r\000s}{chapter.1}% 8
\BOOKMARK [1][-]{section.1.6}{\376\377\000P\000r\000o\000b\000l\000e\000m\000s}{chapter.1}% 9
\BOOKMARK [0][-]{chapter.2}{\376\377\000A\000l\000g\000o\000r\000i\000t\000h\000m\000s}{}% 10
\BOOKMARK [1][-]{section.2.1}{\376\377\000H\000o\000w\000\040\000t\000o\000\040\000c\000o\000n\000s\000t\000r\000u\000c\000t\000\040\000o\000w\000n\000\040\000a\000l\000g\000o\000r\000i\000t\000h\000m\000s\000?}{chapter.2}% 11
\BOOKMARK [2][-]{subsection.2.1.1}{\376\377\000G\000r\000e\000e\000d\000y\000\040\000a\000l\000g\000o\000r\000i\000t\000h\000m\000s}{section.2.1}% 12
\BOOKMARK [2][-]{subsection.2.1.2}{\376\377\000P\000a\000i\000r\000i\000n\000g\000s\000\040\000o\000r\000\040\000d\000i\000v\000i\000d\000e\000\040\000a\000n\000d\000\040\000c\000o\000n\000q\000u\000e\000r}{section.2.1}% 13
\BOOKMARK [1][-]{section.2.2}{\376\377\000I\000n\000d\000u\000c\000t\000i\000o\000n\000\040\000+\000\040\000R\000e\000c\000u\000r\000s\000i\000o\000n}{chapter.2}% 14
\BOOKMARK [1][-]{section.2.3}{\376\377\000I\000n\000v\000a\000r\000i\000a\000n\000t\000s\000\040\000a\000n\000d\000\040\000M\000o\000n\000o\000v\000a\000r\000i\000a\000n\000t\000s}{chapter.2}% 15
\BOOKMARK [1][-]{section.2.4}{\376\377\000I\000n\000f\000o\000r\000m\000a\000t\000i\000o\000n}{chapter.2}% 16
\BOOKMARK [1][-]{section.2.5}{\376\377\000C\000r\000a\000z\000y\000\040\000a\000l\000g\000o\000r\000i\000t\000h\000m\000s}{chapter.2}% 17
\BOOKMARK [1][-]{section.2.6}{\376\377\000P\000r\000o\000b\000l\000e\000m\000s}{chapter.2}% 18
\BOOKMARK [0][-]{chapter.3}{\376\377\000P\000r\000o\000c\000e\000s\000s\000e\000s}{}% 19
\BOOKMARK [1][-]{section.3.1}{\376\377\000I\000n\000v\000a\000r\000i\000a\000n\000t\000s\000\040\000a\000n\000d\000\040\000m\000o\000n\000o\000v\000a\000r\000i\000a\000n\000t\000s}{chapter.3}% 20
\BOOKMARK [1][-]{section.3.2}{\376\377\000I\000n\000d\000u\000c\000t\000i\000o\000n}{chapter.3}% 21
\BOOKMARK [1][-]{section.3.3}{\376\377\000C\000h\000i\000p\000\040\000f\000i\000r\000i\000n\000g}{chapter.3}% 22
\BOOKMARK [1][-]{section.3.4}{\376\377\000I\000g\000n\000o\000r\000e\000\040\000o\000r\000\040\000r\000e\000d\000e\000f\000i\000n\000e}{chapter.3}% 23
\BOOKMARK [1][-]{section.3.5}{\376\377\000G\000r\000a\000p\000h\000s}{chapter.3}% 24
\BOOKMARK [2][-]{subsection.3.5.1}{\376\377\000D\000i\000a\000m\000o\000n\000d\000\040\000l\000e\000m\000m\000a}{section.3.5}% 25
\BOOKMARK [1][-]{section.3.6}{\376\377\000P\000r\000o\000b\000l\000e\000m\000s}{chapter.3}% 26
\BOOKMARK [0][-]{chapter.4}{\376\377\000G\000a\000m\000e\000s}{}% 27
\BOOKMARK [0][-]{chapter.5}{\376\377\000D\000o\000u\000b\000l\000e\000\040\000C\000o\000u\000n\000t\000i\000n\000g}{}% 28
\BOOKMARK [1][-]{section.5.1}{\376\377\000B\000i\000n\000o\000m\000i\000a\000l\000\040\000S\000t\000u\000f\000f}{chapter.5}% 29
\BOOKMARK [1][-]{section.5.2}{\376\377\000C\000l\000u\000b\000s}{chapter.5}% 30
\BOOKMARK [1][-]{section.5.3}{\376\377\000P\000r\000o\000b\000l\000e\000m\000s}{chapter.5}% 31
